0 info it worked if it ends with ok
1 verbose cli [ 'node', '/usr/local/bin/npm', 'start' ]
2 info using npm@1.1.36
3 info using node@v0.8.2
4 verbose config file /Users/dpitt/.npmrc
5 verbose config file /usr/local/etc/npmrc
6 verbose config file /usr/local/lib/node_modules/npm/npmrc
7 verbose read json /Users/dpitt/git/www.grokola.com/package.json
8 verbose run-script [ 'prestart', 'start', 'poststart' ]
9 info prestart www.grokola.com@1.0.0-SNAPSHOT
10 info start www.grokola.com@1.0.0-SNAPSHOT
11 verbose unsafe-perm in lifecycle true
12 silly exec sh "-c" "node server"
13 silly sh,-c,node server,/Users/dpitt/git/www.grokola.com spawning
14 info www.grokola.com@1.0.0-SNAPSHOT Failed to exec start script
15 error www.grokola.com@1.0.0-SNAPSHOT start: `node server`
15 error `sh "-c" "node server"` failed with 1
16 error Failed at the www.grokola.com@1.0.0-SNAPSHOT start script.
16 error This is most likely a problem with the www.grokola.com package,
16 error not with npm itself.
16 error Tell the author that this fails on your system:
16 error     node server
16 error You can get their info via:
16 error     npm owner ls www.grokola.com
16 error There is likely additional logging output above.
17 error System Darwin 11.4.2
18 error command "node" "/usr/local/bin/npm" "start"
19 error cwd /Users/dpitt/git/www.grokola.com
20 error node -v v0.8.2
21 error npm -v 1.1.36
22 error code ELIFECYCLE
23 error message www.grokola.com@1.0.0-SNAPSHOT start: `node server`
23 error message `sh "-c" "node server"` failed with 1
24 verbose exit [ 1, true ]
